<?xml version="1.0" encoding="UTF-8"?>
<!-- Generated by org.testng.reporters.JUnitReportReporter -->
<testsuite hostname="DESKTOP-LAUHH40" failures="0" tests="1" name="Testcases.Loginapplication" time="20.836" errors="0" timestamp="2022-07-04T01:13:01 AEST" skipped="0">
  <testcase classname="Testcases.Loginapplication" name="LoginWithFactory" time="20.836"/>
  <system-out/>
</testsuite> <!-- Testcases.Loginapplication -->
